#
# There is insufficient memory for the Java Runtime Environment to continue.
# Native memory allocation (mmap) failed to map 268435456 bytes. Error detail: G1 virtual space
# Possible reasons:
#   The system is out of physical RAM or swap space
#   This process is running with CompressedOops enabled, and the Java Heap may be blocking the growth of the native heap
# Possible solutions:
#   Reduce memory load on the system
#   Increase physical memory or swap space
#   Check if swap backing store is full
#   Decrease Java heap size (-Xmx/-Xms)
#   Decrease number of Java threads
#   Decrease Java thread stack sizes (-Xss)
#   Set larger code cache with -XX:ReservedCodeCacheSize=
#   JVM is running with Zero Based Compressed Oops mode in which the Java heap is
#     placed in the first 32GB address space. The Java Heap base address is the
#     maximum limit for the native heap growth. Please use -XX:HeapBaseMinAddress
#     to set the Java Heap base and to place the Java Heap above 32GB virtual address.
# This output file may be truncated or incomplete.
#
#  Out of Memory Error (os_windows.cpp:3618), pid=27220, tid=8520
#
# JRE version:  (17.0.19+10) (build )
# Java VM: OpenJDK 64-Bit Server VM (17.0.19+10, mixed mode, sharing, tiered, compressed oops, compressed class ptrs, g1 gc, windows-amd64)
# No core dump will be written. Minidumps are not enabled by default on client versions of Windows
#

---------------  S U M M A R Y ------------

Command Line: -Dnet.bytebuddy.agent.attacher.dump= net.bytebuddy.agent.Attacher com.sun.tools.attach.VirtualMachine 2980 C:\Users\mianb\.m2\repository\net\bytebuddy\byte-buddy-agent\1.17.8\byte-buddy-agent-1.17.8.jar false 

Host: Intel(R) Core(TM) i5-8300H CPU @ 2.30GHz, 8 cores, 15G,  Windows 11 , 64 bit Build 26100 (10.0.26100.8521)
Time: Thu Jun 18 21:17:46 2026 Hora est. Pac璗ico, Sudam廨ica elapsed time: 0.063345 seconds (0d 0h 0m 0s)

---------------  T H R E A D  ---------------

Current thread (0x00000153fd437fb0):  JavaThread "Unknown thread" [_thread_in_vm, id=8520, stack(0x00000030a9c00000,0x00000030a9d00000)]

Stack: [0x00000030a9c00000,0x00000030a9d00000]
Native frames: (J=compiled Java code, j=interpreted, Vv=VM code, C=native code)
V  [jvm.dll+0x684b29]
V  [jvm.dll+0x83a2d5]
V  [jvm.dll+0x83bd4e]
V  [jvm.dll+0x83c3d3]
V  [jvm.dll+0x24905f]
V  [jvm.dll+0x6818e9]
V  [jvm.dll+0x6766ea]
V  [jvm.dll+0x3093b7]
V  [jvm.dll+0x3109a6]
V  [jvm.dll+0x360f1e]
V  [jvm.dll+0x36115d]
V  [jvm.dll+0x2e043c]
V  [jvm.dll+0x2e1348]
V  [jvm.dll+0x80d19b]
V  [jvm.dll+0x36eba1]
V  [jvm.dll+0x7ebd75]
V  [jvm.dll+0x3f47ab]
V  [jvm.dll+0x3f6291]
C  [jli.dll+0x52dc]
C  [ucrtbase.dll+0x2cd30]
C  [KERNEL32.DLL+0x2e957]
C  [ntdll.dll+0x87c1c]


---------------  P R O C E S S  ---------------

Threads class SMR info:
_java_thread_list=0x00007ffe28458f58, length=0, elements={
}

Java Threads: ( => current thread )

Other Threads:
  0x00000153fd4a6040 GCTaskThread "GC Thread#0" [stack: 0x00000030a9d00000,0x00000030a9e00000] [id=27360]
  0x00000153fd4b7cf0 ConcurrentGCThread "G1 Main Marker" [stack: 0x00000030a9e00000,0x00000030a9f00000] [id=9192]
  0x00000153fd4b8620 ConcurrentGCThread "G1 Conc#0" [stack: 0x00000030a9f00000,0x00000030aa000000] [id=2772]

[error occurred during error reporting (printing all threads), id 0xc0000005, EXCEPTION_ACCESS_VIOLATION (0xc0000005) at pc=0x00007ffe27c10f67]

VM state: not at safepoint (not fully initialized)

VM Mutex/Monitor currently owned by a thread:  ([mutex/lock_event])
[0x00000153fd432fe0] Heap_lock - owner thread: 0x00000153fd437fb0

Heap address: 0x0000000701c00000, size: 4068 MB, Compressed Oops mode: Zero based, Oop shift amount: 3

CDS archive(s) mapped at: [0x0000000000000000-0x0000000000000000-0x0000000000000000), size 0, SharedBaseAddress: 0x0000000800000000, ArchiveRelocationMode: 1.
Narrow klass base: 0x0000000000000000, Narrow klass shift: 0, Narrow klass range: 0x0

GC Precious Log:
<Empty>

Heap:
 garbage-first heap   total 0K, used 0K [0x0000000701c00000, 0x0000000800000000)
  region size 2048K, 0 young (0K), 0 survivors (0K)

[error occurred during error reporting (printing heap information), id 0xc0000005, EXCEPTION_ACCESS_VIOLATION (0xc0000005) at pc=0x00007ffe27ffe139]

GC Heap History (0 events):
No events

Dll operation events (1 events):
Event: 0.016 Loaded shared library C:\Users\mianb\AppData\Local\Programs\Eclipse Adoptium\jdk-17.0.19.10-hotspot\bin\java.dll

Deoptimization events (0 events):
No events

Classes loaded (0 events):
No events

Classes unloaded (0 events):
No events

Classes redefined (0 events):
No events

Internal exceptions (0 events):
No events

VM Operations (0 events):
No events

Memory protections (0 events):
No events

Nmethod flushes (0 events):
No events

Events (0 events):
No events


Dynamic libraries:
0x00007ff72ded0000 - 0x00007ff72dede000 	C:\Users\mianb\AppData\Local\Programs\Eclipse Adoptium\jdk-17.0.19.10-hotspot\bin\java.exe
0x00007fff2e560000 - 0x00007fff2e7c6000 	C:\WINDOWS\SYSTEM32\ntdll.dll
0x00007fff2d930000 - 0x00007fff2d9f9000 	C:\WINDOWS\System32\KERNEL32.DLL
0x00007fff2ba50000 - 0x00007fff2be4a000 	C:\WINDOWS\System32\KERNELBASE.dll
0x00007fff2bee0000 - 0x00007fff2c02c000 	C:\WINDOWS\System32\ucrtbase.dll
0x00007fff0e220000 - 0x00007fff0e23e000 	C:\Users\mianb\AppData\Local\Programs\Eclipse Adoptium\jdk-17.0.19.10-hotspot\bin\VCRUNTIME140.dll
0x00007fff0c330000 - 0x00007fff0c348000 	C:\Users\mianb\AppData\Local\Programs\Eclipse Adoptium\jdk-17.0.19.10-hotspot\bin\jli.dll
0x00007fff2dae0000 - 0x00007fff2dca7000 	C:\WINDOWS\System32\USER32.dll
0x00007fff0e8d0000 - 0x00007fff0eb62000 	C:\WINDOWS\WinSxS\amd64_microsoft.windows.common-controls_6595b64144ccf1df_6.0.26100.8521_none_3e08b75ce33403b3\COMCTL32.dll
0x00007fff2ba20000 - 0x00007fff2ba47000 	C:\WINDOWS\System32\win32u.dll
0x00007fff2e290000 - 0x00007fff2e339000 	C:\WINDOWS\System32\msvcrt.dll
0x00007fff2d600000 - 0x00007fff2d62b000 	C:\WINDOWS\System32\GDI32.dll
0x00007fff2c0f0000 - 0x00007fff2c21b000 	C:\WINDOWS\System32\gdi32full.dll
0x00007fff2c220000 - 0x00007fff2c2c3000 	C:\WINDOWS\System32\msvcp_win.dll
0x00007fff2dd50000 - 0x00007fff2dd82000 	C:\WINDOWS\System32\IMM32.DLL
0x00007fff0e310000 - 0x00007fff0e31c000 	C:\Users\mianb\AppData\Local\Programs\Eclipse Adoptium\jdk-17.0.19.10-hotspot\bin\vcruntime140_1.dll
0x00007ffebe850000 - 0x00007ffebe8dd000 	C:\Users\mianb\AppData\Local\Programs\Eclipse Adoptium\jdk-17.0.19.10-hotspot\bin\msvcp140.dll
0x00007ffe27920000 - 0x00007ffe2858c000 	C:\Users\mianb\AppData\Local\Programs\Eclipse Adoptium\jdk-17.0.19.10-hotspot\bin\server\jvm.dll
0x00007fff2c4e0000 - 0x00007fff2c596000 	C:\WINDOWS\System32\ADVAPI32.dll
0x00007fff2cf50000 - 0x00007fff2cffa000 	C:\WINDOWS\System32\sechost.dll
0x00007fff2e400000 - 0x00007fff2e518000 	C:\WINDOWS\System32\RPCRT4.dll
0x00007fff2d6b0000 - 0x00007fff2d730000 	C:\WINDOWS\System32\WS2_32.dll
0x00007fff2b650000 - 0x00007fff2b6ae000 	C:\WINDOWS\SYSTEM32\POWRPROF.dll
0x00007fff167b0000 - 0x00007fff167e6000 	C:\WINDOWS\SYSTEM32\WINMM.dll
0x00007fff24660000 - 0x00007fff2466b000 	C:\WINDOWS\SYSTEM32\VERSION.dll
0x00007fff2b630000 - 0x00007fff2b644000 	C:\WINDOWS\SYSTEM32\UMPDC.dll
0x00007fff2a540000 - 0x00007fff2a55b000 	C:\WINDOWS\SYSTEM32\kernel.appcore.dll
0x00007fff0e2b0000 - 0x00007fff0e2ba000 	C:\Users\mianb\AppData\Local\Programs\Eclipse Adoptium\jdk-17.0.19.10-hotspot\bin\jimage.dll
0x00007fff15a70000 - 0x00007fff15cb2000 	C:\WINDOWS\SYSTEM32\DBGHELP.DLL
0x00007fff2dd90000 - 0x00007fff2e113000 	C:\WINDOWS\System32\combase.dll
0x00007fff2da00000 - 0x00007fff2dad9000 	C:\WINDOWS\System32\OLEAUT32.dll
0x00007fff0c4e0000 - 0x00007fff0c51b000 	C:\WINDOWS\SYSTEM32\dbgcore.DLL
0x00007fff2b7f0000 - 0x00007fff2b898000 	C:\WINDOWS\System32\bcryptPrimitives.dll
0x00007ffee84c0000 - 0x00007ffee84e5000 	C:\Users\mianb\AppData\Local\Programs\Eclipse Adoptium\jdk-17.0.19.10-hotspot\bin\java.dll

dbghelp: loaded successfully - version: 4.0.5 - missing functions: none
symbol engine: initialized successfully - sym options: 0x614 - pdb path: .;C:\Users\mianb\AppData\Local\Programs\Eclipse Adoptium\jdk-17.0.19.10-hotspot\bin;C:\WINDOWS\SYSTEM32;C:\WINDOWS\WinSxS\amd64_microsoft.windows.common-controls_6595b64144ccf1df_6.0.26100.8521_none_3e08b75ce33403b3;C:\Users\mianb\AppData\Local\Programs\Eclipse Adoptium\jdk-17.0.19.10-hotspot\bin\server

VM Arguments:
jvm_args: -Dnet.bytebuddy.agent.attacher.dump= 
java_command: net.bytebuddy.agent.Attacher com.sun.tools.attach.VirtualMachine 2980 C:\Users\mianb\.m2\repository\net\bytebuddy\byte-buddy-agent\1.17.8\byte-buddy-agent-1.17.8.jar false 
java_class_path (initial): C:\Users\mianb\.m2\repository\net\bytebuddy\byte-buddy-agent\1.17.8\byte-buddy-agent-1.17.8.jar
Launcher Type: SUN_STANDARD

[Global flags]
     intx CICompilerCount                          = 4                                         {product} {ergonomic}
     uint ConcGCThreads                            = 2                                         {product} {ergonomic}
     uint G1ConcRefinementThreads                  = 8                                         {product} {ergonomic}
   size_t G1HeapRegionSize                         = 2097152                                   {product} {ergonomic}
    uintx GCDrainStackTargetSize                   = 64                                        {product} {ergonomic}
   size_t InitialHeapSize                          = 268435456                                 {product} {ergonomic}
   size_t MarkStackSize                            = 4194304                                   {product} {ergonomic}
   size_t MaxHeapSize                              = 4265607168                                {product} {ergonomic}
   size_t MinHeapDeltaBytes                        = 2097152                                   {product} {ergonomic}
   size_t MinHeapSize                              = 8388608                                   {product} {ergonomic}
    uintx NonNMethodCodeHeapSize                   = 5839372                                {pd product} {ergonomic}
    uintx NonProfiledCodeHeapSize                  = 122909434                              {pd product} {ergonomic}
    uintx ProfiledCodeHeapSize                     = 122909434                              {pd product} {ergonomic}
    uintx ReservedCodeCacheSize                    = 251658240                              {pd product} {ergonomic}
     bool SegmentedCodeCache                       = true                                      {product} {ergonomic}
   size_t SoftMaxHeapSize                          = 4265607168                             {manageable} {ergonomic}
     bool UseCompressedClassPointers               = true                           {product lp64_product} {ergonomic}
     bool UseCompressedOops                        = true                           {product lp64_product} {ergonomic}
     bool UseG1GC                                  = true                                      {product} {ergonomic}
     bool UseLargePagesIndividualAllocation        = false                                  {pd product} {ergonomic}

Logging:
Log output configuration:
 #0: stdout all=warning uptime,level,tags
 #1: stderr all=off uptime,level,tags

Environment Variables:
PATH=C:\WINDOWS\system32;C:\WINDOWS;C:\WINDOWS\System32\Wbem;C:\WINDOWS\System32\WindowsPowerShell\v1.0\;C:\WINDOWS\System32\OpenSSH\;C:\ProgramData\chocolatey\bin;C:\Program Files\MATLAB\R2025b\bin;C:\Program Files\NVIDIA Corporation\NVIDIA App\NvDLISR;C:\Program Files (x86)\NVIDIA Corporation\PhysX\Common;C:\Program Files\dotnet\;C:\apache-maven-3.9.11\bin;C:\Program Files\MySQL\MySQL Server 8.0\bin;C:\Program Files\PuTTY\;C:\Program Files\Git\cmd;C:\Program Files\nodejs\;C:\Users\mianb\AppData\Local\Programs\Eclipse Adoptium\jdk-17.0.19.10-hotspot\bin;C:\Program Files\MySQL\MySQL Shell 8.0\bin\;C:\Users\mianb\AppData\Local\Programs\Python\Python314\Scripts\;C:\Users\mianb\AppData\Local\Programs\Python\Python314\;C:\Users\mianb\AppData\Local\Programs\Python\Python313\Scripts\;C:\Users\mianb\AppData\Local\Programs\Python\Python313\;C:\Users\mianb\AppData\Local\Microsoft\WindowsApps;C:\Users\mianb\AppData\Local\Programs\Microsoft VS Code\bin;C:\Users\mianb\AppData\Local\GitHubDesktop\bin;C:\Users\mianb\AppData\Roaming\npm;C:\Users\mianb\.fly\bin;F:\JetBrains\IntelliJ IDEA 2026.1.3\bin
USERNAME=mianb
OS=Windows_NT
PROCESSOR_IDENTIFIER=Intel64 Family 6 Model 158 Stepping 10, GenuineIntel
TMP=C:\Users\mianb\AppData\Local\Temp
TEMP=C:\Users\mianb\AppData\Local\Temp



Periodic native trim disabled


---------------  S Y S T E M  ---------------

OS:
 Windows 11 , 64 bit Build 26100 (10.0.26100.8521)
OS uptime: 8 days 8:50 hours
Hyper-V role detected

CPU: total 8 (initial active 8) (4 cores per cpu, 2 threads per core) family 6 model 158 stepping 10 microcode 0xf0, cx8, cmov, fxsr, ht, mmx, 3dnowpref, sse, sse2, sse3, ssse3, sse4.1, sse4.2, popcnt, lzcnt, tsc, tscinvbit, avx, avx2, aes, erms, clmul, bmi1, bmi2, adx, fma, vzeroupper, clflush, clflushopt, hv
Processor Information for all 8 processors :
  Max Mhz: 2304, Current Mhz: 2304, Mhz Limit: 2304

Memory: 4k page, system-wide physical 16265M (1935M free)
TotalPageFile size 22195M (AvailPageFile size 218M)
current process WorkingSet (physical memory assigned to process): 12M, peak: 12M
current process commit charge ("private bytes"): 60M, peak: 316M

vm_info: OpenJDK 64-Bit Server VM (17.0.19+10) for windows-amd64 JRE (17.0.19+10), built on Apr 25 2026 08:04:44 by "admin" with MS VC++ 17.12 (VS2022)

END.
